[52912, 0]: SYSTEM_SERVER: warning: memory usage: 108 Meg
[52912, 0]: SYSTEM_SERVER: warning: memory usage: 143 Meg, restart server
[52912, 3]: Thread id 3 passes null context
[52912, 4]: Thread id 4 passes null context
[52912, 0]: unw_init: cursor could NOT build an interval for initial pc = 0x2000000505e8
[52912, 0]: unw_init: cursor could NOT build an interval for initial pc = 0x2000000505e8
[52912, 0]: unw_init: cursor could NOT build an interval for initial pc = 0x2000000505e8
[52912, 0]: unw_init: cursor could NOT build an interval for initial pc = 0x2000000505e8
[52912, 0]: unw_init: cursor could NOT build an interval for initial pc = 0x2000000505e8
[52912, 0]: unw_init: cursor could NOT build an interval for initial pc = 0x2000000505e8
[52912, 0]: unw_init: cursor could NOT build an interval for initial pc = 0x2000000505e8
[52912, 0]: unw_init: cursor could NOT build an interval for initial pc = 0x2000000505e8
[52912, 0]: unw_init: cursor could NOT build an interval for initial pc = 0x2000000505e8
[52912, 0]: unw_init: cursor could NOT build an interval for initial pc = 0x2000000505e8
[52912, 0]: unw_init: cursor could NOT build an interval for initial pc = 0x2000000505e8
MEMORY: segment size: 4.0 meg, num segments: 11, total allocation: 44.0 meg, reclaims: 0
MEMORY: total freeable: 0.0 meg, total non-freeable: 23.0 meg, malloc failures: 0
SAMPLE ANOMALIES: blocks: 1 (async: 0, dlopen: 1), errors: 11 (segv: 0, soft: 11)
SUMMARY: cpu samples: 45 (recorded: 44, blocked: 1, errant: 11, trolled: 0, yielded: 0),
         frames: 548 (trolled: 0)
         intervals: 0 (suspicious: 0)
         accelerator trace records: 0 (processed: 0, dropped: 0)
         accelerator samples: 0 (recorded: 0, dropped: 0)
